<?xml version="1.0" encoding="UTF-8"?>
<testng-results ignored="0" total="1" passed="1" failed="0" skipped="0">
  <reporter-output>
  </reporter-output>
  <suite started-at="2023-06-03T10:18:41 PDT" name="Default suite" finished-at="2023-06-03T10:18:46 PDT" duration-ms="5245">
    <groups>
    </groups>
    <test started-at="2023-06-03T10:18:41 PDT" name="Default test" finished-at="2023-06-03T10:18:46 PDT" duration-ms="5245">
      <class name="get.GetUsers">
        <test-method signature="Get()[pri:0, instance:get.GetUsers@4de4b452]" started-at="2023-06-03T10:18:41 PDT" name="Get" finished-at="2023-06-03T10:18:46 PDT" duration-ms="5104" status="PASS">
          <reporter-output>
          </reporter-output>
        </test-method> <!-- Get -->
      </class> <!-- get.GetUsers -->
    </test> <!-- Default test -->
  </suite> <!-- Default suite -->
</testng-results>
