<?xml version="1.0" encoding="UTF-8"?>
<testng-results ignored="0" total="2" passed="2" failed="0" skipped="0">
  <reporter-output>
  </reporter-output>
  <suite started-at="2023-06-03T10:48:35 PDT" name="Default suite" finished-at="2023-06-03T10:48:56 PDT" duration-ms="21273">
    <groups>
    </groups>
    <test started-at="2023-06-03T10:48:35 PDT" name="Default test" finished-at="2023-06-03T10:48:56 PDT" duration-ms="21273">
      <class name="apichainning.chainning">
        <test-method signature="Post()[pri:1, instance:apichainning.chainning@50b5ac82]" started-at="2023-06-03T10:48:35 PDT" name="Post" finished-at="2023-06-03T10:48:54 PDT" duration-ms="19242" status="PASS">
          <reporter-output>
          </reporter-output>
        </test-method> <!-- Post -->
        <test-method signature="Delete()[pri:2, instance:apichainning.chainning@50b5ac82]" started-at="2023-06-03T10:48:54 PDT" name="Delete" finished-at="2023-06-03T10:48:56 PDT" duration-ms="1786" status="PASS">
          <reporter-output>
          </reporter-output>
        </test-method> <!-- Delete -->
      </class> <!-- apichainning.chainning -->
    </test> <!-- Default test -->
  </suite> <!-- Default suite -->
</testng-results>
